# JRE version: OpenJDK Runtime Environment (8.0_242-b01) (build 1.8.0_242-release-1644-b01)
# Java VM: OpenJDK 64-Bit Server VM (25.242-b01 mixed mode windows-amd64 compressed oops)
Heap:
 PSYoungGen      total 84480K, used 59002K [0x00000000d5b80000, 0x00000000ddf80000, 0x0000000100000000)
  eden space 65024K, 90% used [0x00000000d5b80000,0x00000000d951ea68,0x00000000d9b00000)
  from space 19456K, 0% used [0x00000000dad80000,0x00000000dad80000,0x00000000dc080000)
  to   space 18944K, 0% used [0x00000000d9b00000,0x00000000d9b00000,0x00000000dad80000)
 ParOldGen       total 131072K, used 31382K [0x0000000081200000, 0x0000000089200000, 0x00000000d5b80000)
  object space 131072K, 23% used [0x0000000081200000,0x00000000830a5920,0x0000000089200000)
 Metaspace       used 39578K, capacity 40255K, committed 40576K, reserved 1085440K
  class space    used 4949K, capacity 5147K, committed 5248K, reserved 1048576K
GC Heap History (10 events):
Event: 5.409 GC heap before
{Heap before GC invocations=4 (full 1):
 PSYoungGen      total 38400K, used 5088K [0x00000000d5b80000, 0x00000000da680000, 0x0000000100000000)
  eden space 33280K, 0% used [0x00000000d5b80000,0x00000000d5b80000,0x00000000d7c00000)
  from space 5120K, 99% used [0x00000000d7c00000,0x00000000d80f8030,0x00000000d8100000)
  to   space 5120K, 0% used [0x00000000da180000,0x00000000da180000,0x00000000da680000)
 ParOldGen       total 87552K, used 17278K [0x0000000081200000, 0x0000000086780000, 0x00000000d5b80000)
  object space 87552K, 19% used [0x0000000081200000,0x00000000822dfa80,0x0000000086780000)
 Metaspace       used 20701K, capacity 21124K, committed 21248K, reserved 1069056K
  class space    used 2364K, capacity 2514K, committed 2560K, reserved 1048576K
Event: 5.501 GC heap after
Heap after GC invocations=4 (full 1):
 PSYoungGen      total 38400K, used 0K [0x00000000d5b80000, 0x00000000da680000, 0x0000000100000000)
  eden space 33280K, 0% used [0x00000000d5b80000,0x00000000d5b80000,0x00000000d7c00000)
  from space 5120K, 0% used [0x00000000d7c00000,0x00000000d7c00000,0x00000000d8100000)
  to   space 5120K, 0% used [0x00000000da180000,0x00000000da180000,0x00000000da680000)
 ParOldGen       total 79360K, used 14708K [0x0000000081200000, 0x0000000085f80000, 0x00000000d5b80000)
  object space 79360K, 18% used [0x0000000081200000,0x000000008205d1a8,0x0000000085f80000)
 Metaspace       used 20701K, capacity 21124K, committed 21248K, reserved 1069056K
  class space    used 2364K, capacity 2514K, committed 2560K, reserved 1048576K
}
Event: 6.989 GC heap before
{Heap before GC invocations=5 (full 1):
 PSYoungGen      total 38400K, used 33280K [0x00000000d5b80000, 0x00000000da680000, 0x0000000100000000)
  eden space 33280K, 100% used [0x00000000d5b80000,0x00000000d7c00000,0x00000000d7c00000)
  from space 5120K, 0% used [0x00000000d7c00000,0x00000000d7c00000,0x00000000d8100000)
  to   space 5120K, 0% used [0x00000000da180000,0x00000000da180000,0x00000000da680000)
 ParOldGen       total 79360K, used 14708K [0x0000000081200000, 0x0000000085f80000, 0x00000000d5b80000)
  object space 79360K, 18% used [0x0000000081200000,0x000000008205d1a8,0x0000000085f80000)
 Metaspace       used 25037K, capacity 25604K, committed 25728K, reserved 1071104K
  class space    used 3216K, capacity 3382K, committed 3456K, reserved 1048576K
Event: 6.999 GC heap after
Heap after GC invocations=5 (full 1):
 PSYoungGen      total 51200K, used 5088K [0x00000000d5b80000, 0x00000000da680000, 0x0000000100000000)
  eden space 46080K, 0% used [0x00000000d5b80000,0x00000000d5b80000,0x00000000d8880000)
  from space 5120K, 99% used [0x00000000da180000,0x00000000da6781c0,0x00000000da680000)
  to   space 5120K, 0% used [0x00000000d9c80000,0x00000000d9c80000,0x00000000da180000)
 ParOldGen       total 79360K, used 16940K [0x0000000081200000, 0x0000000085f80000, 0x00000000d5b80000)
  object space 79360K, 21% used [0x0000000081200000,0x000000008228b1d0,0x0000000085f80000)
 Metaspace       used 25037K, capacity 25604K, committed 25728K, reserved 1071104K
  class space    used 3216K, capacity 3382K, committed 3456K, reserved 1048576K
}
Event: 7.987 GC heap before
{Heap before GC invocations=6 (full 1):
 PSYoungGen      total 51200K, used 51168K [0x00000000d5b80000, 0x00000000da680000, 0x0000000100000000)
  eden space 46080K, 100% used [0x00000000d5b80000,0x00000000d8880000,0x00000000d8880000)
  from space 5120K, 99% used [0x00000000da180000,0x00000000da6781c0,0x00000000da680000)
  to   space 5120K, 0% used [0x00000000d9c80000,0x00000000d9c80000,0x00000000da180000)
 ParOldGen       total 79360K, used 16940K [0x0000000081200000, 0x0000000085f80000, 0x00000000d5b80000)
  object space 79360K, 21% used [0x0000000081200000,0x000000008228b1d0,0x0000000085f80000)
 Metaspace       used 32671K, capacity 33196K, committed 33536K, reserved 1079296K
  class space    used 4161K, capacity 4350K, committed 4352K, reserved 1048576K
Event: 8.000 GC heap after
Heap after GC invocations=6 (full 1):
 PSYoungGen      total 69632K, used 5111K [0x00000000d5b80000, 0x00000000dc080000, 0x0000000100000000)
  eden space 64512K, 0% used [0x00000000d5b80000,0x00000000d5b80000,0x00000000d9a80000)
  from space 5120K, 99% used [0x00000000d9c80000,0x00000000da17dc80,0x00000000da180000)
  to   space 19456K, 0% used [0x00000000dad80000,0x00000000dad80000,0x00000000dc080000)
 ParOldGen       total 79360K, used 28462K [0x0000000081200000, 0x0000000085f80000, 0x00000000d5b80000)
  object space 79360K, 35% used [0x0000000081200000,0x0000000082dcba68,0x0000000085f80000)
 Metaspace       used 32671K, capacity 33196K, committed 33536K, reserved 1079296K
  class space    used 4161K, capacity 4350K, committed 4352K, reserved 1048576K
}
Event: 8.286 GC heap before
{Heap before GC invocations=7 (full 1):
 PSYoungGen      total 69632K, used 17835K [0x00000000d5b80000, 0x00000000dc080000, 0x0000000100000000)
  eden space 64512K, 19% used [0x00000000d5b80000,0x00000000d67ed280,0x00000000d9a80000)
  from space 5120K, 99% used [0x00000000d9c80000,0x00000000da17dc80,0x00000000da180000)
  to   space 19456K, 0% used [0x00000000dad80000,0x00000000dad80000,0x00000000dc080000)
 ParOldGen       total 79360K, used 28462K [0x0000000081200000, 0x0000000085f80000, 0x00000000d5b80000)
  object space 79360K, 35% used [0x0000000081200000,0x0000000082dcba68,0x0000000085f80000)
 Metaspace       used 34612K, capacity 35226K, committed 35416K, reserved 1081344K
  class space    used 4383K, capacity 4577K, committed 4608K, reserved 1048576K
Event: 8.296 GC heap after
Heap after GC invocations=7 (full 1):
 PSYoungGen      total 84480K, used 8144K [0x00000000d5b80000, 0x00000000ddf80000, 0x0000000100000000)
  eden space 65024K, 0% used [0x00000000d5b80000,0x00000000d5b80000,0x00000000d9b00000)
  from space 19456K, 41% used [0x00000000dad80000,0x00000000db5740c0,0x00000000dc080000)
  to   space 18944K, 0% used [0x00000000d9b00000,0x00000000d9b00000,0x00000000dad80000)
 ParOldGen       total 79360K, used 28470K [0x0000000081200000, 0x0000000085f80000, 0x00000000d5b80000)
  object space 79360K, 35% used [0x0000000081200000,0x0000000082dcda68,0x0000000085f80000)
 Metaspace       used 34612K, capacity 35226K, committed 35416K, reserved 1081344K
  class space    used 4383K, capacity 4577K, committed 4608K, reserved 1048576K
}
Event: 8.296 GC heap before
{Heap before GC invocations=8 (full 2):
 PSYoungGen      total 84480K, used 8144K [0x00000000d5b80000, 0x00000000ddf80000, 0x0000000100000000)
  eden space 65024K, 0% used [0x00000000d5b80000,0x00000000d5b80000,0x00000000d9b00000)
  from space 19456K, 41% used [0x00000000dad80000,0x00000000db5740c0,0x00000000dc080000)
  to   space 18944K, 0% used [0x00000000d9b00000,0x00000000d9b00000,0x00000000dad80000)
 ParOldGen       total 79360K, used 28470K [0x0000000081200000, 0x0000000085f80000, 0x00000000d5b80000)
  object space 79360K, 35% used [0x0000000081200000,0x0000000082dcda68,0x0000000085f80000)
 Metaspace       used 34612K, capacity 35226K, committed 35416K, reserved 1081344K
  class space    used 4383K, capacity 4577K, committed 4608K, reserved 1048576K
Event: 8.391 GC heap after
Heap after GC invocations=8 (full 2):
 PSYoungGen      total 84480K, used 0K [0x00000000d5b80000, 0x00000000ddf80000, 0x0000000100000000)
  eden space 65024K, 0% used [0x00000000d5b80000,0x00000000d5b80000,0x00000000d9b00000)
  from space 19456K, 0% used [0x00000000dad80000,0x00000000dad80000,0x00000000dc080000)
  to   space 18944K, 0% used [0x00000000d9b00000,0x00000000d9b00000,0x00000000dad80000)
 ParOldGen       total 131072K, used 31382K [0x0000000081200000, 0x0000000089200000, 0x00000000d5b80000)
  object space 131072K, 23% used [0x0000000081200000,0x00000000830a5920,0x0000000089200000)
 Metaspace       used 34612K, capacity 35226K, committed 35416K, reserved 1081344K
  class space    used 4383K, capacity 4577K, committed 4608K, reserved 1048576K
}

